<?xml version="1.0" encoding="UTF-8"?>
<!-- Generated by org.testng.reporters.JUnitReportReporter -->
<testsuite hostname="LAPTOP-UAE9H4V5" failures="0" tests="5" name="com.hrm.qa.tests.LoginPageTest" time="37.980" errors="0" timestamp="2024-04-22T12:40:25 IST" skipped="0">
  <testcase classname="com.hrm.qa.tests.LoginPageTest" name="loginPageTitleTest" time="4.050"/>
  <testcase classname="com.hrm.qa.tests.LoginPageTest" name="loginpageNameTest" time="6.803"/>
  <testcase classname="com.hrm.qa.tests.LoginPageTest" name="loginTest" time="7.050"/>
  <testcase classname="com.hrm.qa.tests.LoginPageTest" name="loginTestDataProvider" time="13.224"/>
  <testcase classname="com.hrm.qa.tests.LoginPageTest" name="loginErrorMessageTest" time="6.853"/>
</testsuite> <!-- com.hrm.qa.tests.LoginPageTest -->
