<?xml version="1.0" encoding="UTF-8"?>
<!-- Generated by org.testng.reporters.JUnitReportReporter -->
<testsuite hostname="LAPTOP-UAE9H4V5" failures="0" tests="1" name="dockerSuite.FireFoxTest" time="7.541" errors="0" timestamp="2024-04-19T00:09:38 IST" skipped="0">
  <testcase classname="dockerSuite.FireFoxTest" name="fireFoxTest" time="7.541"/>
</testsuite> <!-- dockerSuite.FireFoxTest -->
