<?xml version="1.0" encoding="UTF-8"?>
<!-- Generated by org.testng.reporters.JUnitReportReporter -->
<testsuite hostname="LAPTOP-UAE9H4V5" failures="0" tests="1" name="dockerSuite.EdgeTest" time="5.345" errors="0" timestamp="2024-04-19T00:09:38 IST" skipped="0">
  <testcase classname="dockerSuite.EdgeTest" name="fireFoxTest" time="5.345"/>
</testsuite> <!-- dockerSuite.EdgeTest -->
