<?xml version="1.0" encoding="UTF-8"?>
<!-- Generated by org.testng.reporters.JUnitReportReporter -->
<testsuite hostname="LAPTOP-UAE9H4V5" failures="0" tests="1" name="com.hrm.qa.tests.DockerWithChrome" time="11.338" errors="0" timestamp="2024-04-17T21:15:31 IST" skipped="0">
  <testcase classname="com.hrm.qa.tests.DockerWithChrome" name="testDockerFirefox" time="11.338"/>
</testsuite> <!-- com.hrm.qa.tests.DockerWithChrome -->
