<?xml version="1.0" encoding="UTF-8"?>
<!-- Generated by org.testng.reporters.JUnitReportReporter -->
<testsuite hostname="LAPTOP-UAE9H4V5" failures="0" tests="1" name="dockerSuite.Setup_DockerGrid" time="15.038" errors="0" timestamp="2024-04-19T00:01:24 IST" skipped="0">
  <testcase classname="dockerSuite.Setup_DockerGrid" name="startDockerGrid" time="15.038"/>
</testsuite> <!-- dockerSuite.Setup_DockerGrid -->
